<?xml version="1.0" encoding="UTF-8"?>
<!-- Generated by org.testng.reporters.JUnitReportReporter -->
<testsuite skipped="0" hostname="Siraj" name="Appium.Practice.Child" tests="1" failures="0" timestamp="22 Apr 2020 15:46:53 GMT" time="47.598" errors="0">
  <testcase name="test" time="47.598" classname="Appium.Practice.Child"/>
</testsuite> <!-- Appium.Practice.Child -->
